c:\users\magda\source\repos\projekt\projekt\debug\projekt.pch
c:\users\magda\source\repos\projekt\projekt\debug\vc141.pdb
c:\users\magda\source\repos\projekt\projekt\debug\vc141.idb
c:\users\magda\source\repos\projekt\projekt\debug\stdafx.obj
c:\users\magda\source\repos\projekt\projekt\debug\clock_module.obj
c:\users\magda\source\repos\projekt\projekt\debug\modulalarmowy.obj
c:\users\magda\source\repos\projekt\projekt\debug\oswietleniechodnika.obj
c:\users\magda\source\repos\projekt\projekt\debug\main.obj
c:\users\magda\source\repos\projekt\projekt\debug\automatyczneoswietlenie.obj
c:\users\magda\source\repos\projekt\projekt\debug\automatyczneogrzewaniewentylacja.obj
c:\users\magda\source\repos\projekt\projekt\debug\wykrywaczczadugazu.obj
c:\users\magda\source\repos\projekt\debug\projekt.ilk
c:\users\magda\source\repos\projekt\debug\projekt.exe
c:\users\magda\source\repos\projekt\debug\projekt.pdb
c:\users\magda\source\repos\projekt\projekt\debug\projekt.tlog\cl.command.1.tlog
c:\users\magda\source\repos\projekt\projekt\debug\projekt.tlog\cl.read.1.tlog
c:\users\magda\source\repos\projekt\projekt\debug\projekt.tlog\cl.write.1.tlog
c:\users\magda\source\repos\projekt\projekt\debug\projekt.tlog\link.command.1.tlog
c:\users\magda\source\repos\projekt\projekt\debug\projekt.tlog\link.read.1.tlog
c:\users\magda\source\repos\projekt\projekt\debug\projekt.tlog\link.write.1.tlog
